0 verbose cli /usr/bin/node /usr/bin/npm
1 info using npm@10.8.2
2 info using node@v18.20.6
3 silly config load:file:/usr/lib/node_modules/npm/npmrc
4 silly config load:file:/app/.npmrc
5 silly config load:file:/var/www/.npmrc
6 silly config load:file:/app/.npm/etc/npmrc
7 verbose title npm instal alpinejs
8 verbose argv "instal" "alpinejs"
9 verbose logfile logs-max:10 dir:/app/.npm/_logs/2025-03-24T18_12_27_337Z-
10 verbose logfile /app/.npm/_logs/2025-03-24T18_12_27_337Z-debug-0.log
11 silly packumentCache heap:2197815296 maxSize:549453824 maxEntrySize:274726912
12 silly logfile done cleaning log files
13 silly idealTree buildDeps
14 silly fetch manifest alpinejs@^3.14.9
15 silly packumentCache full:https://registry.npmjs.org/alpinejs cache-miss
16 http fetch GET 200 https://registry.npmjs.org/alpinejs 470ms (cache updated)
17 silly packumentCache full:https://registry.npmjs.org/alpinejs set size:undefined disposed:false
18 silly placeDep ROOT alpinejs@3.14.9 REPLACE for: app@1.0.0 want: ^3.14.9
19 silly reify moves {}
20 silly audit bulk request {
20 silly audit   '@alloc/quick-lru': [ '5.2.0' ],
20 silly audit   '@ampproject/remapping': [ '2.3.0' ],
20 silly audit   '@babel/code-frame': [ '7.26.2' ],
20 silly audit   '@babel/compat-data': [ '7.26.8' ],
20 silly audit   '@babel/core': [ '7.26.10' ],
20 silly audit   '@babel/generator': [ '7.26.10' ],
20 silly audit   '@babel/helper-annotate-as-pure': [ '7.25.9' ],
20 silly audit   '@babel/helper-compilation-targets': [ '7.26.5' ],
20 silly audit   '@babel/helper-create-class-features-plugin': [ '7.26.9' ],
20 silly audit   '@babel/helper-create-regexp-features-plugin': [ '7.26.3' ],
20 silly audit   '@babel/helper-define-polyfill-provider': [ '0.6.4' ],
20 silly audit   '@babel/helper-member-expression-to-functions': [ '7.25.9' ],
20 silly audit   '@babel/helper-module-imports': [ '7.25.9' ],
20 silly audit   '@babel/helper-module-transforms': [ '7.26.0' ],
20 silly audit   '@babel/helper-optimise-call-expression': [ '7.25.9' ],
20 silly audit   '@babel/helper-plugin-utils': [ '7.26.5' ],
20 silly audit   '@babel/helper-remap-async-to-generator': [ '7.25.9' ],
20 silly audit   '@babel/helper-replace-supers': [ '7.26.5' ],
20 silly audit   '@babel/helper-skip-transparent-expression-wrappers': [ '7.25.9' ],
20 silly audit   '@babel/helper-string-parser': [ '7.25.9' ],
20 silly audit   '@babel/helper-validator-identifier': [ '7.25.9' ],
20 silly audit   '@babel/helper-validator-option': [ '7.25.9' ],
20 silly audit   '@babel/helper-wrap-function': [ '7.25.9' ],
20 silly audit   '@babel/helpers': [ '7.26.10' ],
20 silly audit   '@babel/parser': [ '7.26.10' ],
20 silly audit   '@babel/plugin-bugfix-firefox-class-in-computed-class-key': [ '7.25.9' ],
20 silly audit   '@babel/plugin-bugfix-safari-class-field-initializer-scope': [ '7.25.9' ],
20 silly audit   '@babel/plugin-bugfix-safari-id-destructuring-collision-in-function-expression': [ '7.25.9' ],
20 silly audit   '@babel/plugin-bugfix-v8-spread-parameters-in-optional-chaining': [ '7.25.9' ],
20 silly audit   '@babel/plugin-bugfix-v8-static-class-fields-redefine-readonly': [ '7.25.9' ],
20 silly audit   '@babel/plugin-proposal-private-property-in-object': [ '7.21.0-placeholder-for-preset-env.2' ],
20 silly audit   '@babel/plugin-syntax-import-assertions': [ '7.26.0' ],
20 silly audit   '@babel/plugin-syntax-import-attributes': [ '7.26.0' ],
20 silly audit   '@babel/plugin-syntax-unicode-sets-regex': [ '7.18.6' ],
20 silly audit   '@babel/plugin-transform-arrow-functions': [ '7.25.9' ],
20 silly audit   '@babel/plugin-transform-async-generator-functions': [ '7.26.8' ],
20 silly audit   '@babel/plugin-transform-async-to-generator': [ '7.25.9' ],
20 silly audit   '@babel/plugin-transform-block-scoped-functions': [ '7.26.5' ],
20 silly audit   '@babel/plugin-transform-block-scoping': [ '7.25.9' ],
20 silly audit   '@babel/plugin-transform-class-properties': [ '7.25.9' ],
20 silly audit   '@babel/plugin-transform-class-static-block': [ '7.26.0' ],
20 silly audit   '@babel/plugin-transform-classes': [ '7.25.9' ],
20 silly audit   '@babel/plugin-transform-computed-properties': [ '7.25.9' ],
20 silly audit   '@babel/plugin-transform-destructuring': [ '7.25.9' ],
20 silly audit   '@babel/plugin-transform-dotall-regex': [ '7.25.9' ],
20 silly audit   '@babel/plugin-transform-duplicate-keys': [ '7.25.9' ],
20 silly audit   '@babel/plugin-transform-duplicate-named-capturing-groups-regex': [ '7.25.9' ],
20 silly audit   '@babel/plugin-transform-dynamic-import': [ '7.25.9' ],
20 silly audit   '@babel/plugin-transform-exponentiation-operator': [ '7.26.3' ],
20 silly audit   '@babel/plugin-transform-export-namespace-from': [ '7.25.9' ],
20 silly audit   '@babel/plugin-transform-for-of': [ '7.26.9' ],
20 silly audit   '@babel/plugin-transform-function-name': [ '7.25.9' ],
20 silly audit   '@babel/plugin-transform-json-strings': [ '7.25.9' ],
20 silly audit   '@babel/plugin-transform-literals': [ '7.25.9' ],
20 silly audit   '@babel/plugin-transform-logical-assignment-operators': [ '7.25.9' ],
20 silly audit   '@babel/plugin-transform-member-expression-literals': [ '7.25.9' ],
20 silly audit   '@babel/plugin-transform-modules-amd': [ '7.25.9' ],
20 silly audit   '@babel/plugin-transform-modules-commonjs': [ '7.26.3' ],
20 silly audit   '@babel/plugin-transform-modules-systemjs': [ '7.25.9' ],
20 silly audit   '@babel/plugin-transform-modules-umd': [ '7.25.9' ],
20 silly audit   '@babel/plugin-transform-named-capturing-groups-regex': [ '7.25.9' ],
20 silly audit   '@babel/plugin-transform-new-target': [ '7.25.9' ],
20 silly audit   '@babel/plugin-transform-nullish-coalescing-operator': [ '7.26.6' ],
20 silly audit   '@babel/plugin-transform-numeric-separator': [ '7.25.9' ],
20 silly audit   '@babel/plugin-transform-object-rest-spread': [ '7.25.9' ],
20 silly audit   '@babel/plugin-transform-object-super': [ '7.25.9' ],
20 silly audit   '@babel/plugin-transform-optional-catch-binding': [ '7.25.9' ],
20 silly audit   '@babel/plugin-transform-optional-chaining': [ '7.25.9' ],
20 silly audit   '@babel/plugin-transform-parameters': [ '7.25.9' ],
20 silly audit   '@babel/plugin-transform-private-methods': [ '7.25.9' ],
20 silly audit   '@babel/plugin-transform-private-property-in-object': [ '7.25.9' ],
20 silly audit   '@babel/plugin-transform-property-literals': [ '7.25.9' ],
20 silly audit   '@babel/plugin-transform-regenerator': [ '7.25.9' ],
20 silly audit   '@babel/plugin-transform-regexp-modifiers': [ '7.26.0' ],
20 silly audit   '@babel/plugin-transform-reserved-words': [ '7.25.9' ],
20 silly audit   '@babel/plugin-transform-shorthand-properties': [ '7.25.9' ],
20 silly audit   '@babel/plugin-transform-spread': [ '7.25.9' ],
20 silly audit   '@babel/plugin-transform-sticky-regex': [ '7.25.9' ],
20 silly audit   '@babel/plugin-transform-template-literals': [ '7.26.8' ],
20 silly audit   '@babel/plugin-transform-typeof-symbol': [ '7.26.7' ],
20 silly audit   '@babel/plugin-transform-unicode-escapes': [ '7.25.9' ],
20 silly audit   '@babel/plugin-transform-unicode-property-regex': [ '7.25.9' ],
20 silly audit   '@babel/plugin-transform-unicode-regex': [ '7.25.9' ],
20 silly audit   '@babel/plugin-transform-unicode-sets-regex': [ '7.25.9' ],
20 silly audit   '@babel/preset-env': [ '7.26.9' ],
20 silly audit   '@babel/preset-modules': [ '0.1.6-no-external-plugins' ],
20 silly audit   '@babel/runtime': [ '7.26.10' ],
20 silly audit   '@babel/runtime-corejs3': [ '7.26.10' ],
20 silly audit   'regenerator-runtime': [ '0.14.1', '0.13.11' ],
20 silly audit   '@babel/template': [ '7.26.9' ],
20 silly audit   '@babel/traverse': [ '7.26.10' ],
20 silly audit   '@babel/types': [ '7.26.10' ],
20 silly audit   '@discoveryjs/json-ext': [ '0.5.7' ],
20 silly audit   '@hotwired/stimulus': [ '3.2.2' ],
20 silly audit   '@hotwired/stimulus-webpack-helpers': [ '1.0.1' ],
20 silly audit   '@hotwired/turbo': [ '8.0.13' ],
20 silly audit   '@isaacs/cliui': [ '8.0.2' ],
20 silly audit   'ansi-regex': [ '6.1.0', '5.0.1' ],
20 silly audit   'emoji-regex': [ '9.2.2', '8.0.0' ],
20 silly audit   'string-width': [ '5.1.2', '4.2.3' ],
20 silly audit   'strip-ansi': [ '7.1.0', '6.0.1' ],
20 silly audit   '@jest/schemas': [ '29.6.3' ],
20 silly audit   '@jest/types': [ '29.6.3', '26.6.2' ],
20 silly audit   'ansi-styles': [ '4.3.0', '3.2.1', '6.2.1' ],
20 silly audit   chalk: [ '4.1.2', '2.4.2' ],
20 silly audit   'color-convert': [ '2.0.1', '1.9.3' ],
20 silly audit   'has-flag': [ '4.0.0', '3.0.0' ],
20 silly audit   'supports-color': [ '7.2.0', '8.1.1', '5.5.0' ],
20 silly audit   '@jridgewell/gen-mapping': [ '0.3.8' ],
20 silly audit   '@jridgewell/resolve-uri': [ '3.1.2' ],
20 silly audit   '@jridgewell/set-array': [ '1.2.1' ],
20 silly audit   '@jridgewell/source-map': [ '0.3.6' ],
20 silly audit   '@jridgewell/sourcemap-codec': [ '1.5.0' ],
20 silly audit   '@jridgewell/trace-mapping': [ '0.3.25' ],
20 silly audit   '@nodelib/fs.scandir': [ '2.1.5' ],
20 silly audit   '@nodelib/fs.stat': [ '2.0.5' ],
20 silly audit   '@nodelib/fs.walk': [ '1.2.8' ],
20 silly audit   '@nuxt/friendly-errors-webpack-plugin': [ '2.6.0' ],
20 silly audit   '@pkgjs/parseargs': [ '0.11.0' ],
20 silly audit   '@sinclair/typebox': [ '0.27.8' ],
20 silly audit   '@symfony/stimulus-bridge': [ '3.2.3' ],
20 silly audit   '@symfony/stimulus-bundle': [ '2.23.0' ],
20 silly audit   '@symfony/webpack-encore': [ '5.1.0' ],
20 silly audit   semver: [ '7.7.1', '6.3.1' ],
20 silly audit   '@tailwindcss/node': [ '4.0.14' ],
20 silly audit   tailwindcss: [ '4.0.14', '3.3.0' ],
20 silly audit   '@tailwindcss/oxide': [ '4.0.14' ],
20 silly audit   '@tailwindcss/oxide-android-arm64': [ '4.0.14' ],
20 silly audit   '@tailwindcss/oxide-darwin-arm64': [ '4.0.14' ],
20 silly audit   '@tailwindcss/oxide-darwin-x64': [ '4.0.14' ],
20 silly audit   '@tailwindcss/oxide-freebsd-x64': [ '4.0.14' ],
20 silly audit   '@tailwindcss/oxide-linux-arm-gnueabihf': [ '4.0.14' ],
20 silly audit   '@tailwindcss/oxide-linux-arm64-gnu': [ '4.0.14' ],
20 silly audit   '@tailwindcss/oxide-linux-arm64-musl': [ '4.0.14' ],
20 silly audit   '@tailwindcss/oxide-linux-x64-gnu': [ '4.0.14' ],
20 silly audit   '@tailwindcss/oxide-linux-x64-musl': [ '4.0.14' ],
20 silly audit   '@tailwindcss/oxide-win32-arm64-msvc': [ '4.0.14' ],
20 silly audit   '@tailwindcss/oxide-win32-x64-msvc': [ '4.0.14' ],
20 silly audit   '@tailwindcss/postcss': [ '4.0.14' ],
20 silly audit   '@testing-library/dom': [ '7.31.2' ],
20 silly audit   '@testing-library/user-event': [ '13.5.0' ],
20 silly audit   '@trysound/sax': [ '0.2.0' ],
20 silly audit   '@types/aria-query': [ '4.2.2' ],
20 silly audit   '@types/eslint': [ '9.6.1' ],
20 silly audit   '@types/eslint-scope': [ '3.7.7' ],
20 silly audit   '@types/estree': [ '1.0.6' ],
20 silly audit   '@types/istanbul-lib-coverage': [ '2.0.6' ],
20 silly audit   '@types/istanbul-lib-report': [ '3.0.3' ],
20 silly audit   '@types/istanbul-reports': [ '3.0.4' ],
20 silly audit   '@types/json-schema': [ '7.0.15' ],
20 silly audit   '@types/node': [ '22.13.10' ],
20 silly audit   '@types/node-fetch': [ '2.6.12' ],
20 silly audit   'undici-types': [ '6.20.0', '6.21.0' ],
20 silly audit   '@types/webpack-env': [ '1.18.8' ],
20 silly audit   '@types/yargs': [ '17.0.33', '15.0.19' ],
20 silly audit   '@types/yargs-parser': [ '21.0.3' ],
20 silly audit   '@vue/reactivity': [ '3.1.5' ],
20 silly audit   '@vue/shared': [ '3.1.5' ],
20 silly audit   '@webassemblyjs/ast': [ '1.14.1' ],
20 silly audit   '@webassemblyjs/floating-point-hex-parser': [ '1.13.2' ],
20 silly audit   '@webassemblyjs/helper-api-error': [ '1.13.2' ],
20 silly audit   '@webassemblyjs/helper-buffer': [ '1.14.1' ],
20 silly audit   '@webassemblyjs/helper-numbers': [ '1.13.2' ],
20 silly audit   '@webassemblyjs/helper-wasm-bytecode': [ '1.13.2' ],
20 silly audit   '@webassemblyjs/helper-wasm-section': [ '1.14.1' ],
20 silly audit   '@webassemblyjs/ieee754': [ '1.13.2' ],
20 silly audit   '@webassemblyjs/leb128': [ '1.13.2' ],
20 silly audit   '@webassemblyjs/utf8': [ '1.13.2' ],
20 silly audit   '@webassemblyjs/wasm-edit': [ '1.14.1' ],
20 silly audit   '@webassemblyjs/wasm-gen': [ '1.14.1' ],
20 silly audit   '@webassemblyjs/wasm-opt': [ '1.14.1' ],
20 silly audit   '@webassemblyjs/wasm-parser': [ '1.14.1' ],
20 silly audit   '@webassemblyjs/wast-printer': [ '1.14.1' ],
20 silly audit   '@webpack-cli/configtest': [ '2.1.1' ],
20 silly audit   '@webpack-cli/info': [ '2.0.2' ],
20 silly audit   '@webpack-cli/serve': [ '2.0.5' ],
20 silly audit   '@xtuc/ieee754': [ '1.2.0' ],
20 silly audit   '@xtuc/long': [ '4.2.2' ],
20 silly audit   acorn: [ '8.14.1' ],
20 silly audit   'adjust-sourcemap-loader': [ '4.0.0' ],
20 silly audit   ajv: [ '6.12.6', '8.17.1' ],
20 silly audit   'ajv-formats': [ '2.1.1' ],
20 silly audit   'json-schema-traverse': [ '1.0.0', '0.4.1' ],
20 silly audit   'ajv-keywords': [ '3.5.2', '5.1.0' ],
20 silly audit   'any-promise': [ '1.3.0' ],
20 silly audit   anymatch: [ '3.1.3' ],
20 silly audit   arg: [ '5.0.2' ],
20 silly audit   argparse: [ '2.0.1' ],
20 silly audit   'aria-query': [ '4.2.2' ],
20 silly audit   asynckit: [ '0.4.0' ],
20 silly audit   autoprefixer: [ '10.4.21' ],
20 silly audit   'babel-loader': [ '9.2.1' ],
20 silly audit   'schema-utils': [ '4.3.0', '3.3.0' ],
20 silly audit   'babel-plugin-polyfill-corejs2': [ '0.4.13' ],
20 silly audit   'babel-plugin-polyfill-corejs3': [ '0.11.1' ],
20 silly audit   'babel-plugin-polyfill-regenerator': [ '0.6.4' ],
20 silly audit   'balanced-match': [ '1.0.2' ],
20 silly audit   'big.js': [ '5.2.2' ],
20 silly audit   'binary-extensions': [ '2.3.0' ],
20 silly audit   boolbase: [ '1.0.0' ],
20 silly audit   'brace-expansion': [ '2.0.1' ],
20 silly audit   braces: [ '3.0.3' ],
20 silly audit   browserslist: [ '4.24.4' ],
20 silly audit   'buffer-from': [ '1.1.2' ],
20 silly audit   'call-bind-apply-helpers': [ '1.0.2' ],
20 silly audit   callsites: [ '3.1.0' ],
20 silly audit   'camelcase-css': [ '2.0.1' ],
20 silly audit   'caniuse-api': [ '3.0.0' ],
20 silly audit   'caniuse-lite': [ '1.0.30001706' ],
20 silly audit   chokidar: [ '3.6.0' ],
20 silly audit   'glob-parent': [ '5.1.2', '6.0.2' ],
20 silly audit   'chrome-trace-event': [ '1.0.4' ],
20 silly audit   'ci-info': [ '3.9.0' ],
20 silly audit   'clone-deep': [ '4.0.1' ],
20 silly audit   'color-name': [ '1.1.3', '1.1.4' ],
20 silly audit   colord: [ '2.9.3' ],
20 silly audit   colorette: [ '2.0.20' ],
20 silly audit   'combined-stream': [ '1.0.8' ],
20 silly audit   commander: [ '7.2.0', '4.1.1', '2.20.3', '10.0.1' ],
20 silly audit   'common-path-prefix': [ '3.0.0' ],
20 silly audit   consola: [ '3.4.2' ],
20 silly audit   'convert-source-map': [ '2.0.0', '1.9.0' ],
20 silly audit   'core-js': [ '3.41.0' ],
20 silly audit   'core-js-compat': [ '3.41.0' ],
20 silly audit   'core-js-pure': [ '3.41.0' ],
20 silly audit   cosmiconfig: [ '9.0.0' ],
20 silly audit   'cross-spawn': [ '7.0.6' ],
20 silly audit   'css-declaration-sorter': [ '7.2.0' ],
20 silly audit   'css-loader': [ '7.1.2' ],
20 silly audit   'css-minimizer-webpack-plugin': [ '7.0.2' ],
20 silly audit   'css-select': [ '4.3.0', '5.1.0' ],
20 silly audit   'css-tree': [ '2.3.1', '2.2.1' ],
20 silly audit   'mdn-data': [ '2.0.30', '2.0.28', '2.18.0' ],
20 silly audit   'css-what': [ '6.1.0' ],
20 silly audit   cssesc: [ '3.0.0' ],
20 silly audit   cssnano: [ '7.0.6' ],
20 silly audit   'cssnano-preset-default': [ '7.0.6' ],
20 silly audit   'cssnano-utils': [ '5.0.0' ],
20 silly audit   csso: [ '5.0.5' ],
20 silly audit   debug: [ '4.4.0' ],
20 silly audit   'delayed-stream': [ '1.0.0' ],
20 silly audit   'detect-libc': [ '2.0.3' ],
20 silly audit   didyoumean: [ '1.2.2' ],
20 silly audit   dlv: [ '1.1.3' ],
20 silly audit   'dom-accessibility-api': [ '0.5.16' ],
20 silly audit   'dom-converter': [ '0.2.0' ],
20 silly audit   'dom-serializer': [ '1.4.1', '2.0.0' ],
20 silly audit   domelementtype: [ '2.3.0' ],
20 silly audit   domhandler: [ '4.3.1', '5.0.3' ],
20 silly audit   domutils: [ '2.8.0', '3.2.2' ],
20 silly audit   'dunder-proto': [ '1.0.1' ],
20 silly audit   eastasianwidth: [ '0.2.0' ],
20 silly audit   'electron-to-chromium': [ '1.5.123' ],
20 silly audit   'emojis-list': [ '3.0.0' ],
20 silly audit   'enhanced-resolve': [ '5.18.1' ],
20 silly audit   entities: [ '2.2.0', '4.5.0' ],
20 silly audit   'env-paths': [ '2.2.1' ],
20 silly audit   envinfo: [ '7.14.0' ],
20 silly audit   'error-ex': [ '1.3.2' ],
20 silly audit   'error-stack-parser': [ '2.1.4' ],
20 silly audit   'es-define-property': [ '1.0.1' ],
20 silly audit   'es-errors': [ '1.3.0' ],
20 silly audit   'es-module-lexer': [ '1.6.0' ],
20 silly audit   'es-object-atoms': [ '1.1.1' ],
20 silly audit   'es-set-tostringtag': [ '2.1.0' ],
20 silly audit   escalade: [ '3.2.0' ],
20 silly audit   'escape-string-regexp': [ '1.0.5' ],
20 silly audit   'eslint-scope': [ '5.1.1' ],
20 silly audit   esrecurse: [ '4.3.0' ],
20 silly audit   estraverse: [ '5.3.0', '4.3.0' ],
20 silly audit   esutils: [ '2.0.3' ],
20 silly audit   events: [ '3.3.0' ],
20 silly audit   'fast-deep-equal': [ '3.1.3' ],
20 silly audit   'fast-glob': [ '3.3.3' ],
20 silly audit   'fast-json-stable-stringify': [ '2.1.0' ],
20 silly audit   'fast-uri': [ '3.0.6' ],
20 silly audit   'fastest-levenshtein': [ '1.0.16' ],
20 silly audit   fastq: [ '1.19.1' ],
20 silly audit   'fill-range': [ '7.1.1' ],
20 silly audit   'find-cache-dir': [ '4.0.0' ],
20 silly audit   'find-up': [ '6.3.0', '4.1.0' ],
20 silly audit   flat: [ '5.0.2' ],
20 silly audit   'foreground-child': [ '3.3.1' ],
20 silly audit   'form-data': [ '4.0.2' ],
20 silly audit   'fraction.js': [ '4.3.7' ],
20 silly audit   fsevents: [ '2.3.3' ],
20 silly audit   'function-bind': [ '1.1.2' ],
20 silly audit   gensync: [ '1.0.0-beta.2' ],
20 silly audit   'get-intrinsic': [ '1.3.0' ],
20 silly audit   'get-proto': [ '1.0.1' ],
20 silly audit   glob: [ '10.4.5' ],
20 silly audit   'glob-to-regexp': [ '0.4.1' ],
20 silly audit   globals: [ '11.12.0' ],
20 silly audit   gopd: [ '1.2.0' ],
20 silly audit   'graceful-fs': [ '4.2.11' ],
20 silly audit   growly: [ '1.3.0' ],
20 silly audit   'has-symbols': [ '1.1.0' ],
20 silly audit   'has-tostringtag': [ '1.0.2' ],
20 silly audit   hasown: [ '2.0.2' ],
20 silly audit   htmlparser2: [ '6.1.0' ],
20 silly audit   'icss-utils': [ '5.1.0' ],
20 silly audit   idiomorph: [ '0.3.0' ],
20 silly audit   'import-fresh': [ '3.3.1' ],
20 silly audit   'resolve-from': [ '4.0.0', '5.0.0' ],
20 silly audit   'import-local': [ '3.2.0' ],
20 silly audit   'locate-path': [ '5.0.0', '7.2.0' ],
20 silly audit   'p-limit': [ '2.3.0', '4.0.0' ],
20 silly audit   'p-locate': [ '4.1.0', '6.0.0' ],
20 silly audit   'path-exists': [ '4.0.0', '5.0.0' ],
20 silly audit   'pkg-dir': [ '4.2.0', '7.0.0' ],
20 silly audit   interpret: [ '3.1.1' ],
20 silly audit   'is-arrayish': [ '0.2.1' ],
20 silly audit   'is-binary-path': [ '2.1.0' ],
20 silly audit   'is-core-module': [ '2.16.1' ],
20 silly audit   'is-docker': [ '2.2.1' ],
20 silly audit   'is-extglob': [ '2.1.1' ],
20 silly audit   'is-fullwidth-code-point': [ '3.0.0' ],
20 silly audit   'is-glob': [ '4.0.3' ],
20 silly audit   'is-number': [ '7.0.0' ],
20 silly audit   'is-plain-object': [ '2.0.4' ],
20 silly audit   'is-wsl': [ '2.2.0' ],
20 silly audit   isexe: [ '2.0.0' ],
20 silly audit   isobject: [ '3.0.1' ],
20 silly audit   jackspeak: [ '3.4.3' ],
20 silly audit   'jest-util': [ '29.7.0' ],
20 silly audit   'jest-worker': [ '29.7.0', '27.5.1' ],
20 silly audit   jiti: [ '2.4.2', '1.21.7' ],
20 silly audit   'js-tokens': [ '4.0.0' ],
20 silly audit   'js-yaml': [ '4.1.0' ],
20 silly audit   jsesc: [ '3.1.0', '3.0.2' ],
20 silly audit   'json-parse-even-better-errors': [ '2.3.1' ],
20 silly audit   json5: [ '2.2.3' ],
20 silly audit   'kind-of': [ '6.0.3' ],
20 silly audit   lightningcss: [ '1.29.2' ],
20 silly audit   'lightningcss-darwin-arm64': [ '1.29.2' ],
20 silly audit   'lightningcss-darwin-x64': [ '1.29.2' ],
20 silly audit   'lightningcss-freebsd-x64': [ '1.29.2' ],
20 silly audit   'lightningcss-linux-arm-gnueabihf': [ '1.29.2' ],
20 silly audit   'lightningcss-linux-arm64-gnu': [ '1.29.2' ],
20 silly audit   'lightningcss-linux-arm64-musl': [ '1.29.2' ],
20 silly audit   'lightningcss-linux-x64-gnu': [ '1.29.2' ],
20 silly audit   'lightningcss-linux-x64-musl': [ '1.29.2' ],
20 silly audit   'lightningcss-win32-arm64-msvc': [ '1.29.2' ],
20 silly audit   'lightningcss-win32-x64-msvc': [ '1.29.2' ],
20 silly audit   lilconfig: [ '3.1.3', '2.1.0' ],
20 silly audit   'lines-and-columns': [ '1.2.4' ],
20 silly audit   'loader-runner': [ '4.3.0' ],
20 silly audit   'loader-utils': [ '2.0.4' ],
20 silly audit   lodash: [ '4.17.21' ],
20 silly audit   'lodash.debounce': [ '4.0.8' ],
20 silly audit   'lodash.memoize': [ '4.1.2' ],
20 silly audit   'lodash.uniq': [ '4.5.0' ],
20 silly audit   'lru-cache': [ '5.1.1', '10.4.3' ],
20 silly audit   'lz-string': [ '1.5.0' ],
20 silly audit   'math-intrinsics': [ '1.1.0' ],
20 silly audit   'merge-stream': [ '2.0.0' ],
20 silly audit   merge2: [ '1.4.1' ],
20 silly audit   micromatch: [ '4.0.8' ],
20 silly audit   'mime-db': [ '1.54.0', '1.52.0' ],
20 silly audit   'mime-types': [ '2.1.35' ],
20 silly audit   'mini-css-extract-plugin': [ '2.9.2' ],
20 silly audit   minimatch: [ '9.0.5' ],
20 silly audit   minipass: [ '7.1.2' ],
20 silly audit   ms: [ '2.1.3' ],
20 silly audit   mz: [ '2.7.0' ],
20 silly audit   nanoid: [ '3.3.11' ],
20 silly audit   'neo-async': [ '2.6.2' ],
20 silly audit   'node-fetch': [ '2.7.0' ],
20 silly audit   'node-notifier': [ '9.0.1' ],
20 silly audit   'node-releases': [ '2.0.19' ],
20 silly audit   'normalize-path': [ '3.0.0' ],
20 silly audit   'normalize-range': [ '0.1.2' ],
20 silly audit   'nth-check': [ '2.1.1' ],
20 silly audit   'object-assign': [ '4.1.1' ],
20 silly audit   'object-hash': [ '3.0.0' ],
20 silly audit   'p-try': [ '2.2.0' ],
20 silly audit   'package-json-from-dist': [ '1.0.1' ],
20 silly audit   'parent-module': [ '1.0.1' ],
20 silly audit   'parse-json': [ '5.2.0' ],
20 silly audit   'path-key': [ '3.1.1' ],
20 silly audit   'path-parse': [ '1.0.7' ],
20 silly audit   'path-scurry': [ '1.11.1' ],
20 silly audit   picocolors: [ '1.1.1' ],
20 silly audit   picomatch: [ '2.3.1' ],
20 silly audit   pify: [ '2.3.0' ],
20 silly audit   pirates: [ '4.0.6' ],
20 silly audit   postcss: [ '8.5.3' ],
20 silly audit   'postcss-calc': [ '10.1.1' ],
20 silly audit   'postcss-colormin': [ '7.0.2' ],
20 silly audit   'postcss-convert-values': [ '7.0.4' ],
20 silly audit   'postcss-discard-comments': [ '7.0.3' ],
20 silly audit   'postcss-selector-parser': [ '6.1.2', '7.1.0' ],
20 silly audit   'postcss-discard-duplicates': [ '7.0.1' ],
20 silly audit   'postcss-discard-empty': [ '7.0.0' ],
20 silly audit   'postcss-discard-overridden': [ '7.0.0' ],
20 silly audit   'postcss-import': [ '14.1.0' ],
20 silly audit   'postcss-js': [ '4.0.1' ],
20 silly audit   'postcss-load-config': [ '3.1.4' ],
20 silly audit   'postcss-loader': [ '8.1.1' ],
20 silly audit   'postcss-merge-longhand': [ '7.0.4' ],
20 silly audit   'postcss-merge-rules': [ '7.0.4' ],
20 silly audit   'postcss-minify-font-values': [ '7.0.0' ],
20 silly audit   'postcss-minify-gradients': [ '7.0.0' ],
20 silly audit   'postcss-minify-params': [ '7.0.2' ],
20 silly audit   'postcss-minify-selectors': [ '7.0.4' ],
20 silly audit   'postcss-modules-extract-imports': [ '3.1.0' ],
20 silly audit   'postcss-modules-local-by-default': [ '4.2.0' ],
20 silly audit   'postcss-modules-scope': [ '3.2.1' ],
20 silly audit   'postcss-modules-values': [ '4.0.0' ],
20 silly audit   'postcss-nested': [ '6.0.0' ],
20 silly audit   'postcss-normalize-charset': [ '7.0.0' ],
20 silly audit   'postcss-normalize-display-values': [ '7.0.0' ],
20 silly audit   'postcss-normalize-positions': [ '7.0.0' ],
20 silly audit   'postcss-normalize-repeat-style': [ '7.0.0' ],
20 silly audit   'postcss-normalize-string': [ '7.0.0' ],
20 silly audit   'postcss-normalize-timing-functions': [ '7.0.0' ],
20 silly audit   'postcss-normalize-unicode': [ '7.0.2' ],
20 silly audit   'postcss-normalize-url': [ '7.0.0' ],
20 silly audit   'postcss-normalize-whitespace': [ '7.0.0' ],
20 silly audit   'postcss-ordered-values': [ '7.0.1' ],
20 silly audit   'postcss-reduce-initial': [ '7.0.2' ],
20 silly audit   'postcss-reduce-transforms': [ '7.0.0' ],
20 silly audit   'postcss-svgo': [ '7.0.1' ],
20 silly audit   'postcss-unique-selectors': [ '7.0.3' ],
20 silly audit   'postcss-value-parser': [ '4.2.0' ],
20 silly audit   'pretty-error': [ '4.0.0' ],
20 silly audit   'pretty-format': [ '26.6.2' ],
20 silly audit   punycode: [ '2.3.1' ],
20 silly audit   'queue-microtask': [ '1.2.3' ],
20 silly audit   'quick-lru': [ '5.1.1' ],
20 silly audit   randombytes: [ '2.1.0' ],
20 silly audit   'react-is': [ '17.0.2' ],
20 silly audit   'read-cache': [ '1.0.0' ],
20 silly audit   readdirp: [ '3.6.0' ],
20 silly audit   rechoir: [ '0.8.0' ],
20 silly audit   regenerate: [ '1.4.2' ],
20 silly audit   'regenerate-unicode-properties': [ '10.2.0' ],
20 silly audit   'regenerator-transform': [ '0.15.2' ],
20 silly audit   'regex-parser': [ '2.3.1' ],
20 silly audit   'regexpu-core': [ '6.2.0' ],
20 silly audit   regjsgen: [ '0.8.0' ],
20 silly audit   regjsparser: [ '0.12.0' ],
20 silly audit   renderkid: [ '3.0.0' ],
20 silly audit   'require-from-string': [ '2.0.2' ],
20 silly audit   resolve: [ '1.22.10' ],
20 silly audit   'resolve-cwd': [ '3.0.0' ],
20 silly audit   'resolve-url-loader': [ '5.0.0' ],
20 silly audit   reusify: [ '1.1.0' ],
20 silly audit   'run-parallel': [ '1.2.0' ],
20 silly audit   'safe-buffer': [ '5.2.1' ],
20 silly audit   'serialize-javascript': [ '6.0.2' ],
20 silly audit   'shallow-clone': [ '3.0.1' ],
20 silly audit   'shebang-command': [ '2.0.0' ],
20 silly audit   'shebang-regex': [ '3.0.0' ],
20 silly audit   shellwords: [ '0.1.1' ],
20 silly audit   'signal-exit': [ '4.1.0' ],
20 silly audit   'source-map': [ '0.6.1' ],
20 silly audit   'source-map-js': [ '1.2.1' ],
20 silly audit   'source-map-support': [ '0.5.21' ],
20 silly audit   stackframe: [ '1.3.4' ],
20 silly audit   'style-loader': [ '3.3.4' ],
20 silly audit   stylehacks: [ '7.0.4' ],
20 silly audit   sucrase: [ '3.35.0' ],
20 silly audit   'supports-preserve-symlinks-flag': [ '1.0.0' ],
20 silly audit   svgo: [ '3.3.2' ],
20 silly audit   tapable: [ '2.2.1' ],
20 silly audit   terser: [ '5.39.0' ],
20 silly audit   'terser-webpack-plugin': [ '5.3.14' ],
20 silly audit   thenify: [ '3.3.1' ],
20 silly audit   'thenify-all': [ '1.6.0' ],
20 silly audit   tmp: [ '0.2.3' ],
20 silly audit   'to-regex-range': [ '5.0.1' ],
20 silly audit   tr46: [ '0.0.3' ],
20 silly audit   'ts-interface-checker': [ '0.1.13' ],
20 silly audit   'unicode-canonical-property-names-ecmascript': [ '2.0.1' ],
20 silly audit   'unicode-match-property-ecmascript': [ '2.0.0' ],
20 silly audit   'unicode-match-property-value-ecmascript': [ '2.2.0' ],
20 silly audit   'unicode-property-aliases-ecmascript': [ '2.1.0' ],
20 silly audit   'update-browserslist-db': [ '1.1.3' ],
20 silly audit   'uri-js': [ '4.4.1' ],
20 silly audit   'util-deprecate': [ '1.0.2' ],
20 silly audit   utila: [ '0.4.0' ],
20 silly audit   uuid: [ '8.3.2' ],
20 silly audit   watchpack: [ '2.4.2' ],
20 silly audit   'webidl-conversions': [ '3.0.1' ],
20 silly audit   webpack: [ '5.98.0' ],
20 silly audit   'webpack-cli': [ '5.1.4' ],
20 silly audit   'webpack-merge': [ '5.10.0' ],
20 silly audit   'webpack-notifier': [ '1.15.0' ],
20 silly audit   'webpack-sources': [ '3.2.3' ],
20 silly audit   'whatwg-url': [ '5.0.0' ],
20 silly audit   which: [ '2.0.2' ],
20 silly audit   wildcard: [ '2.0.1' ],
20 silly audit   'wrap-ansi': [ '8.1.0', '7.0.0' ],
20 silly audit   yallist: [ '3.1.1' ],
20 silly audit   yaml: [ '1.10.2' ],
20 silly audit   'yargs-parser': [ '21.1.1' ],
20 silly audit   'yocto-queue': [ '1.2.0' ],
20 silly audit   '@symfony/ux-live-component': [ '1.0.0' ],
20 silly audit   '@symfony/ux-turbo': [ '0.1.0' ],
20 silly audit   alpinejs: [ '3.14.9' ]
20 silly audit }
21 verbose reify failed optional dependency /app/node_modules/lightningcss-win32-x64-msvc
22 silly reify mark deleted [ '/app/node_modules/lightningcss-win32-x64-msvc' ]
23 verbose reify failed optional dependency /app/node_modules/lightningcss-win32-arm64-msvc
24 silly reify mark deleted [ '/app/node_modules/lightningcss-win32-arm64-msvc' ]
25 verbose reify failed optional dependency /app/node_modules/lightningcss-linux-arm64-musl
26 silly reify mark deleted [ '/app/node_modules/lightningcss-linux-arm64-musl' ]
27 verbose reify failed optional dependency /app/node_modules/lightningcss-linux-arm64-gnu
28 silly reify mark deleted [ '/app/node_modules/lightningcss-linux-arm64-gnu' ]
29 verbose reify failed optional dependency /app/node_modules/lightningcss-linux-arm-gnueabihf
30 silly reify mark deleted [ '/app/node_modules/lightningcss-linux-arm-gnueabihf' ]
31 verbose reify failed optional dependency /app/node_modules/lightningcss-freebsd-x64
32 silly reify mark deleted [ '/app/node_modules/lightningcss-freebsd-x64' ]
33 verbose reify failed optional dependency /app/node_modules/lightningcss-darwin-x64
34 silly reify mark deleted [ '/app/node_modules/lightningcss-darwin-x64' ]
35 verbose reify failed optional dependency /app/node_modules/lightningcss-darwin-arm64
36 silly reify mark deleted [ '/app/node_modules/lightningcss-darwin-arm64' ]
37 verbose reify failed optional dependency /app/node_modules/fsevents
38 silly reify mark deleted [ '/app/node_modules/fsevents' ]
39 verbose reify failed optional dependency /app/node_modules/@tailwindcss/oxide-win32-x64-msvc
40 silly reify mark deleted [ '/app/node_modules/@tailwindcss/oxide-win32-x64-msvc' ]
41 verbose reify failed optional dependency /app/node_modules/@tailwindcss/oxide-win32-arm64-msvc
42 silly reify mark deleted [ '/app/node_modules/@tailwindcss/oxide-win32-arm64-msvc' ]
43 verbose reify failed optional dependency /app/node_modules/@tailwindcss/oxide-linux-arm64-musl
44 silly reify mark deleted [ '/app/node_modules/@tailwindcss/oxide-linux-arm64-musl' ]
45 verbose reify failed optional dependency /app/node_modules/@tailwindcss/oxide-linux-arm64-gnu
46 silly reify mark deleted [ '/app/node_modules/@tailwindcss/oxide-linux-arm64-gnu' ]
47 verbose reify failed optional dependency /app/node_modules/@tailwindcss/oxide-linux-arm-gnueabihf
48 silly reify mark deleted [ '/app/node_modules/@tailwindcss/oxide-linux-arm-gnueabihf' ]
49 verbose reify failed optional dependency /app/node_modules/@tailwindcss/oxide-freebsd-x64
50 silly reify mark deleted [ '/app/node_modules/@tailwindcss/oxide-freebsd-x64' ]
51 verbose reify failed optional dependency /app/node_modules/@tailwindcss/oxide-darwin-x64
52 silly reify mark deleted [ '/app/node_modules/@tailwindcss/oxide-darwin-x64' ]
53 verbose reify failed optional dependency /app/node_modules/@tailwindcss/oxide-darwin-arm64
54 silly reify mark deleted [ '/app/node_modules/@tailwindcss/oxide-darwin-arm64' ]
55 verbose reify failed optional dependency /app/node_modules/@tailwindcss/oxide-android-arm64
56 silly reify mark deleted [ '/app/node_modules/@tailwindcss/oxide-android-arm64' ]
57 http fetch POST 200 https://registry.npmjs.org/-/npm/v1/security/advisories/bulk 574ms
58 silly audit report {}
59 silly ADD
60 silly ADD
61 silly ADD
62 silly ADD
63 silly ADD
64 silly ADD
65 silly ADD
66 silly ADD
67 silly ADD
68 silly ADD
69 silly ADD
70 silly ADD
71 silly ADD
72 silly ADD
73 silly ADD
74 silly ADD
75 silly ADD
76 silly ADD
77 verbose cwd /app
78 verbose os Linux 5.15.167.4-microsoft-standard-WSL2
79 verbose node v18.20.6
80 verbose npm  v10.8.2
81 verbose exit 0
82 info ok
